<?xml version="1.0" encoding="UTF-8"?>
<!-- Generated by org.testng.reporters.JUnitXMLReporter -->
<testsuite ignored="0" hostname="DESKTOP-S0S45NM" failures="0" tests="2" name="Test" time="101.921" errors="0" timestamp="2023-12-20T01:54:16 IST">
  <testcase classname="org.project2.SpiceJetProject.SpiceJetTest" name="@BeforeClass setUp" time="101.523">
    <failure type="org.openqa.selenium.WebDriverException" message="chrome not reachable
Build info: version: &amp;apos;3.141.59&amp;apos;, revision: &amp;apos;e82be7d358&amp;apos;, time: &amp;apos;2018-11-14T08:17:03&amp;apos;
System info: host: &amp;apos;DESKTOP-S0S45NM&amp;apos;, ip: &amp;apos;192.168.43.205&amp;apos;, os.name: &amp;apos;Windows 10&amp;apos;, os.arch: &amp;apos;amd64&amp;apos;, os.version: &amp;apos;10.0&amp;apos;, java.version: &amp;apos;17.0.7&amp;apos;
Driver info: driver.version: ChromeDriver
remote stacktrace: Backtrace:
	GetHandleVerifier [0x0067A813+48355]
	(No symbol) [0x0060C4B1]
	(No symbol) [0x00515220]
	(No symbol) [0x0050B355]
	(No symbol) [0x00535C68]
	(No symbol) [0x00531EF3]
	(No symbol) [0x00530579]
	(No symbol) [0x00560C55]
	(No symbol) [0x0056093C]
	(No symbol) [0x0055A536]
	(No symbol) [0x005382DC]
	(No symbol) [0x005393DD]
	GetHandleVerifier [0x008DAABD+2539405]
	GetHandleVerifier [0x0091A78F+2800735]
	GetHandleVerifier [0x0091456C+2775612]
	GetHandleVerifier [0x007051E0+616112]
	(No symbol) [0x00615F8C]
	(No symbol) [0x00612328]
	(No symbol) [0x0061240B]
	(No symbol) [0x00604FF7]
	BaseThreadInitThunk [0x75B0FCC9+25]
	RtlGetAppContainerNamedObjectPath [0x77047C6E+286]
	RtlGetAppContainerNamedObjectPath [0x77047C3E+238]
">
      <![CDATA[org.openqa.selenium.WebDriverException: chrome not reachable
Build info: version: '3.141.59', revision: 'e82be7d358', time: '2018-11-14T08:17:03'
System info: host: 'DESKTOP-S0S45NM', ip: '192.168.43.205', os.name: 'Windows 10', os.arch: 'amd64', os.version: '10.0', java.version: '17.0.7'
Driver info: driver.version: ChromeDriver
remote stacktrace: Backtrace:
GetHandleVerifier [0x0067A813+48355]
(No symbol) [0x0060C4B1]
(No symbol) [0x00515220]
(No symbol) [0x0050B355]
(No symbol) [0x00535C68]
(No symbol) [0x00531EF3]
(No symbol) [0x00530579]
(No symbol) [0x00560C55]
(No symbol) [0x0056093C]
(No symbol) [0x0055A536]
(No symbol) [0x005382DC]
(No symbol) [0x005393DD]
GetHandleVerifier [0x008DAABD+2539405]
GetHandleVerifier [0x0091A78F+2800735]
GetHandleVerifier [0x0091456C+2775612]
GetHandleVerifier [0x007051E0+616112]
(No symbol) [0x00615F8C]
(No symbol) [0x00612328]
(No symbol) [0x0061240B]
(No symbol) [0x00604FF7]
BaseThreadInitThunk [0x75B0FCC9+25]
RtlGetAppContainerNamedObjectPath [0x77047C6E+286]
RtlGetAppContainerNamedObjectPath [0x77047C3E+238]

at org.openqa.selenium.remote.W3CHandshakeResponse.lambda$errorHandler$0(W3CHandshakeResponse.java:62)
at org.openqa.selenium.remote.HandshakeResponse.lambda$getResponseFunction$0(HandshakeResponse.java:30)
at org.openqa.selenium.remote.ProtocolHandshake.lambda$createSession$0(ProtocolHandshake.java:126)
at java.base/java.util.stream.ReferencePipeline$3$1.accept(ReferencePipeline.java:197)
at java.base/java.util.Spliterators$ArraySpliterator.tryAdvance(Spliterators.java:1002)
at java.base/java.util.stream.ReferencePipeline.forEachWithCancel(ReferencePipeline.java:129)
at java.base/java.util.stream.AbstractPipeline.copyIntoWithCancel(AbstractPipeline.java:527)
at java.base/java.util.stream.AbstractPipeline.copyInto(AbstractPipeline.java:513)
at java.base/java.util.stream.AbstractPipeline.wrapAndCopyInto(AbstractPipeline.java:499)
at java.base/java.util.stream.FindOps$FindOp.evaluateSequential(FindOps.java:150)
at java.base/java.util.stream.AbstractPipeline.evaluate(AbstractPipeline.java:234)
at java.base/java.util.stream.ReferencePipeline.findFirst(ReferencePipeline.java:647)
at org.openqa.selenium.remote.ProtocolHandshake.createSession(ProtocolHandshake.java:128)
at org.openqa.selenium.remote.ProtocolHandshake.createSession(ProtocolHandshake.java:74)
at org.openqa.selenium.remote.HttpCommandExecutor.execute(HttpCommandExecutor.java:136)
at org.openqa.selenium.remote.service.DriverCommandExecutor.execute(DriverCommandExecutor.java:83)
at org.openqa.selenium.remote.RemoteWebDriver.execute(RemoteWebDriver.java:552)
at org.openqa.selenium.remote.RemoteWebDriver.startSession(RemoteWebDriver.java:213)
at org.openqa.selenium.remote.RemoteWebDriver.<init>(RemoteWebDriver.java:131)
at org.openqa.selenium.chrome.ChromeDriver.<init>(ChromeDriver.java:181)
at org.openqa.selenium.chrome.ChromeDriver.<init>(ChromeDriver.java:168)
at org.openqa.selenium.chrome.ChromeDriver.<init>(ChromeDriver.java:123)
at org.project2.SpiceJetProject.SpiceJetTest.setUp(SpiceJetTest.java:22)
at java.base/java.util.ArrayList.forEach(ArrayList.java:1511)
... Removed 30 stack frames]]>
    </failure>
  </testcase> <!-- @BeforeClass setUp -->
  <testcase classname="org.project2.SpiceJetProject.SpiceJetTest" name="@AfterClass tearDown" time="0.0">
    <skipped/>
  </testcase> <!-- @AfterClass tearDown -->
  <testcase classname="org.project2.SpiceJetProject.SpiceJetTest" name="testPositiveFlightSearch" time="0.0">
    <skipped/>
  </testcase> <!-- testPositiveFlightSearch -->
  <testcase classname="org.project2.SpiceJetProject.SpiceJetTest" name="testNegativeFlightSearch" time="0.0">
    <skipped/>
  </testcase> <!-- testNegativeFlightSearch -->
</testsuite> <!-- Test -->
